<?xml version="1.0" encoding="UTF-8"?>
<!-- Generated by org.testng.reporters.JUnitXMLReporter -->
<testsuite ignored="0" hostname="Markos-MacBook-Pro.local" failures="0" tests="3" name="Default test" time="16.579" errors="0" timestamp="2024-06-04T15:27:33 CEST">
  <testcase classname="ParaBankTests.RegistrationAndLogInTest" name="userRegistration" time="1.524"/>
  <testcase classname="ParaBankTests.RegistrationAndLogInTest" name="userLogIn" time="0.822"/>
  <testcase classname="ParaBankTests.RegistrationAndLogInTest" name="userLogInAndAccountOverview" time="1.165"/>
</testsuite> <!-- Default test -->
