<?xml version="1.0" encoding="UTF-8"?>
<testng-results ignored="0" total="2" passed="2" failed="0" skipped="0">
  <reporter-output>
  </reporter-output>
  <suite started-at="2024-06-01T18:23:28 CEST" name="Default suite" finished-at="2024-06-01T18:23:38 CEST" duration-ms="9803">
    <groups>
    </groups>
    <test started-at="2024-06-01T18:23:28 CEST" name="Default test" finished-at="2024-06-01T18:23:38 CEST" duration-ms="9803">
      <class name="ParaBankTests.RegistrationAndLogInTest">
        <test-method signature="userRegistration()[pri:0, instance:ParaBankTests.RegistrationAndLogInTest@17046283]" started-at="2024-06-01T18:23:28 CEST" name="userRegistration" finished-at="2024-06-01T18:23:33 CEST" duration-ms="4816" status="PASS">
          <reporter-output>
          </reporter-output>
        </test-method> <!-- userRegistration -->
        <test-method signature="userLogIn()[pri:0, instance:ParaBankTests.RegistrationAndLogInTest@17046283]" started-at="2024-06-01T18:23:33 CEST" name="userLogIn" finished-at="2024-06-01T18:23:38 CEST" depends-on-methods="ParaBankTests.RegistrationAndLogInTest.userRegistration" duration-ms="4948" status="PASS">
          <reporter-output>
          </reporter-output>
        </test-method> <!-- userLogIn -->
      </class> <!-- ParaBankTests.RegistrationAndLogInTest -->
    </test> <!-- Default test -->
  </suite> <!-- Default suite -->
</testng-results>
