<?xml version="1.0" encoding="UTF-8"?>
<testng-results ignored="0" total="1" passed="1" failed="0" skipped="0">
  <reporter-output>
  </reporter-output>
  <suite started-at="2024-06-04T15:44:41 CEST" name="Default suite" finished-at="2024-06-04T15:44:49 CEST" duration-ms="8032">
    <groups>
    </groups>
    <test started-at="2024-06-04T15:44:41 CEST" name="Default test" finished-at="2024-06-04T15:44:49 CEST" duration-ms="8032">
      <class name="ParaBankTests.TransferFoundsTest">
        <test-method is-config="true" signature="begin()[pri:0, instance:ParaBankTests.TransferFoundsTest@13e39c73]" started-at="2024-06-04T15:44:41 CEST" name="begin" finished-at="2024-06-04T15:44:44 CEST" duration-ms="3361" status="PASS">
          <reporter-output>
          </reporter-output>
        </test-method> <!-- begin -->
        <test-method signature="NewTransferFound()[pri:0, instance:ParaBankTests.TransferFoundsTest@13e39c73]" started-at="2024-06-04T15:44:44 CEST" name="NewTransferFound" finished-at="2024-06-04T15:44:49 CEST" duration-ms="4425" status="PASS">
          <reporter-output>
          </reporter-output>
        </test-method> <!-- NewTransferFound -->
        <test-method is-config="true" signature="finish()[pri:0, instance:ParaBankTests.TransferFoundsTest@13e39c73]" started-at="2024-06-04T15:44:49 CEST" name="finish" finished-at="2024-06-04T15:44:49 CEST" duration-ms="214" status="PASS">
          <reporter-output>
          </reporter-output>
        </test-method> <!-- finish -->
      </class> <!-- ParaBankTests.TransferFoundsTest -->
    </test> <!-- Default test -->
  </suite> <!-- Default suite -->
</testng-results>
